# JRE version: OpenJDK Runtime Environment Temurin-21.0.10+7 (21.0.10+7) (build 21.0.10+7-LTS)
# Java VM: OpenJDK 64-Bit Server VM Temurin-21.0.10+7 (21.0.10+7-LTS, mixed mode, sharing, tiered, compressed oops, compressed class ptrs, parallel gc, windows-amd64)
GC Precious Log:
 CardTable entry size: 512
 CPUs: 12 total, 12 available
 Memory: 16212M
 Large Page Support: Disabled
 NUMA Support: Disabled
 Compressed Oops: Enabled (32-bit)
 Alignments: Space 512K, Generation 512K, Heap 2M
 Heap Min Capacity: 100M
 Heap Initial Capacity: 100M
 Heap Max Capacity: 2G
 Pre-touch: Disabled
 Parallel Workers: 10
Heap:
 PSYoungGen      total 22528K, used 19676K [0x00000000d5580000, 0x00000000d6d80000, 0x0000000100000000)
  eden space 20992K, 88% used [0x00000000d5580000,0x00000000d6798b88,0x00000000d6a00000)
  from space 1536K, 74% used [0x00000000d6a80000,0x00000000d6b9e798,0x00000000d6c00000)
  to   space 1536K, 0% used [0x00000000d6c00000,0x00000000d6c00000,0x00000000d6d80000)
 ParOldGen       total 68608K, used 44393K [0x0000000080000000, 0x0000000084300000, 0x00000000d5580000)
  object space 68608K, 64% used [0x0000000080000000,0x0000000082b5a5e0,0x0000000084300000)
 Metaspace       used 67197K, committed 68608K, reserved 1114112K
  class space    used 7148K, committed 7744K, reserved 1048576K
GC Heap History (20 events):
Event: 13.943 GC heap before
{Heap before GC invocations=33 (full 2):
 PSYoungGen      total 21504K, used 21152K [0x00000000d5580000, 0x00000000d6d00000, 0x0000000100000000)
  eden space 20992K, 100% used [0x00000000d5580000,0x00000000d6a00000,0x00000000d6a00000)
  from space 512K, 31% used [0x00000000d6c80000,0x00000000d6ca8000,0x00000000d6d00000)
  to   space 1024K, 0% used [0x00000000d6b00000,0x00000000d6b00000,0x00000000d6c00000)
 ParOldGen       total 68608K, used 40476K [0x0000000080000000, 0x0000000084300000, 0x00000000d5580000)
  object space 68608K, 58% used [0x0000000080000000,0x0000000082787138,0x0000000084300000)
 Metaspace       used 55532K, committed 56960K, reserved 1114112K
  class space    used 6055K, committed 6720K, reserved 1048576K
}
Event: 13.945 GC heap after
{Heap after GC invocations=33 (full 2):
 PSYoungGen      total 22016K, used 1006K [0x00000000d5580000, 0x00000000d7400000, 0x0000000100000000)
  eden space 20992K, 0% used [0x00000000d5580000,0x00000000d5580000,0x00000000d6a00000)
  from space 1024K, 98% used [0x00000000d6b00000,0x00000000d6bfbb30,0x00000000d6c00000)
  to   space 5120K, 0% used [0x00000000d6f00000,0x00000000d6f00000,0x00000000d7400000)
 ParOldGen       total 68608K, used 43548K [0x0000000080000000, 0x0000000084300000, 0x00000000d5580000)
  object space 68608K, 63% used [0x0000000080000000,0x0000000082a87138,0x0000000084300000)
 Metaspace       used 55532K, committed 56960K, reserved 1114112K
  class space    used 6055K, committed 6720K, reserved 1048576K
}
Event: 14.247 GC heap before
{Heap before GC invocations=34 (full 2):
 PSYoungGen      total 22016K, used 21998K [0x00000000d5580000, 0x00000000d7400000, 0x0000000100000000)
  eden space 20992K, 100% used [0x00000000d5580000,0x00000000d6a00000,0x00000000d6a00000)
  from space 1024K, 98% used [0x00000000d6b00000,0x00000000d6bfbb30,0x00000000d6c00000)
  to   space 5120K, 0% used [0x00000000d6f00000,0x00000000d6f00000,0x00000000d7400000)
 ParOldGen       total 68608K, used 43548K [0x0000000080000000, 0x0000000084300000, 0x00000000d5580000)
  object space 68608K, 63% used [0x0000000080000000,0x0000000082a87138,0x0000000084300000)
 Metaspace       used 57550K, committed 58944K, reserved 1114112K
  class space    used 6270K, committed 6912K, reserved 1048576K
}
Event: 14.250 GC heap after
{Heap after GC invocations=34 (full 2):
 PSYoungGen      total 22528K, used 1499K [0x00000000d5580000, 0x00000000d7080000, 0x0000000100000000)
  eden space 20992K, 0% used [0x00000000d5580000,0x00000000d5580000,0x00000000d6a00000)
  from space 1536K, 97% used [0x00000000d6f00000,0x00000000d7076cb8,0x00000000d7080000)
  to   space 2560K, 0% used [0x00000000d6b80000,0x00000000d6b80000,0x00000000d6e00000)
 ParOldGen       total 68608K, used 44019K [0x0000000080000000, 0x0000000084300000, 0x00000000d5580000)
  object space 68608K, 64% used [0x0000000080000000,0x0000000082afcc48,0x0000000084300000)
 Metaspace       used 57550K, committed 58944K, reserved 1114112K
  class space    used 6270K, committed 6912K, reserved 1048576K
}
Event: 14.375 GC heap before
{Heap before GC invocations=35 (full 2):
 PSYoungGen      total 22528K, used 22491K [0x00000000d5580000, 0x00000000d7080000, 0x0000000100000000)
  eden space 20992K, 100% used [0x00000000d5580000,0x00000000d6a00000,0x00000000d6a00000)
  from space 1536K, 97% used [0x00000000d6f00000,0x00000000d7076cb8,0x00000000d7080000)
  to   space 2560K, 0% used [0x00000000d6b80000,0x00000000d6b80000,0x00000000d6e00000)
 ParOldGen       total 68608K, used 44019K [0x0000000080000000, 0x0000000084300000, 0x00000000d5580000)
  object space 68608K, 64% used [0x0000000080000000,0x0000000082afcc48,0x0000000084300000)
 Metaspace       used 58319K, committed 59712K, reserved 1114112K
  class space    used 6335K, committed 6912K, reserved 1048576K
}
Event: 14.376 GC heap after
{Heap after GC invocations=35 (full 2):
 PSYoungGen      total 23552K, used 1190K [0x00000000d5580000, 0x00000000d6f80000, 0x0000000100000000)
  eden space 20992K, 0% used [0x00000000d5580000,0x00000000d5580000,0x00000000d6a00000)
  from space 2560K, 46% used [0x00000000d6b80000,0x00000000d6ca9920,0x00000000d6e00000)
  to   space 1536K, 0% used [0x00000000d6e00000,0x00000000d6e00000,0x00000000d6f80000)
 ParOldGen       total 68608K, used 45257K [0x0000000080000000, 0x0000000084300000, 0x00000000d5580000)
  object space 68608K, 65% used [0x0000000080000000,0x0000000082c32750,0x0000000084300000)
 Metaspace       used 58319K, committed 59712K, reserved 1114112K
  class space    used 6335K, committed 6912K, reserved 1048576K
}
Event: 14.392 GC heap before
{Heap before GC invocations=36 (full 2):
 PSYoungGen      total 23552K, used 2683K [0x00000000d5580000, 0x00000000d6f80000, 0x0000000100000000)
  eden space 20992K, 7% used [0x00000000d5580000,0x00000000d56f54f8,0x00000000d6a00000)
  from space 2560K, 46% used [0x00000000d6b80000,0x00000000d6ca9920,0x00000000d6e00000)
  to   space 1536K, 0% used [0x00000000d6e00000,0x00000000d6e00000,0x00000000d6f80000)
 ParOldGen       total 68608K, used 45257K [0x0000000080000000, 0x0000000084300000, 0x00000000d5580000)
  object space 68608K, 65% used [0x0000000080000000,0x0000000082c32750,0x0000000084300000)
 Metaspace       used 58432K, committed 59840K, reserved 1114112K
  class space    used 6343K, committed 6912K, reserved 1048576K
}
Event: 14.393 GC heap after
{Heap after GC invocations=36 (full 2):
 PSYoungGen      total 21504K, used 384K [0x00000000d5580000, 0x00000000d6e80000, 0x0000000100000000)
  eden space 20992K, 0% used [0x00000000d5580000,0x00000000d5580000,0x00000000d6a00000)
  from space 512K, 75% used [0x00000000d6e00000,0x00000000d6e60000,0x00000000d6e80000)
  to   space 1024K, 0% used [0x00000000d6c80000,0x00000000d6c80000,0x00000000d6d80000)
 ParOldGen       total 68608K, used 46260K [0x0000000080000000, 0x0000000084300000, 0x00000000d5580000)
  object space 68608K, 67% used [0x0000000080000000,0x0000000082d2d000,0x0000000084300000)
 Metaspace       used 58432K, committed 59840K, reserved 1114112K
  class space    used 6343K, committed 6912K, reserved 1048576K
}
Event: 14.420 GC heap before
{Heap before GC invocations=37 (full 2):
 PSYoungGen      total 21504K, used 2075K [0x00000000d5580000, 0x00000000d6e80000, 0x0000000100000000)
  eden space 20992K, 8% used [0x00000000d5580000,0x00000000d5726ff0,0x00000000d6a00000)
  from space 512K, 75% used [0x00000000d6e00000,0x00000000d6e60000,0x00000000d6e80000)
  to   space 1024K, 0% used [0x00000000d6c80000,0x00000000d6c80000,0x00000000d6d80000)
 ParOldGen       total 68608K, used 46260K [0x0000000080000000, 0x0000000084300000, 0x00000000d5580000)
  object space 68608K, 67% used [0x0000000080000000,0x0000000082d2d000,0x0000000084300000)
 Metaspace       used 58698K, committed 60096K, reserved 1114112K
  class space    used 6379K, committed 6976K, reserved 1048576K
}
Event: 14.421 GC heap after
{Heap after GC invocations=37 (full 2):
 PSYoungGen      total 22016K, used 352K [0x00000000d5580000, 0x00000000d6e80000, 0x0000000100000000)
  eden space 20992K, 0% used [0x00000000d5580000,0x00000000d5580000,0x00000000d6a00000)
  from space 1024K, 34% used [0x00000000d6c80000,0x00000000d6cd8000,0x00000000d6d80000)
  to   space 512K, 0% used [0x00000000d6e00000,0x00000000d6e00000,0x00000000d6e80000)
 ParOldGen       total 68608K, used 46340K [0x0000000080000000, 0x0000000084300000, 0x00000000d5580000)
  object space 68608K, 67% used [0x0000000080000000,0x0000000082d41000,0x0000000084300000)
 Metaspace       used 58698K, committed 60096K, reserved 1114112K
  class space    used 6379K, committed 6976K, reserved 1048576K
}
Event: 14.421 GC heap before
{Heap before GC invocations=38 (full 3):
 PSYoungGen      total 22016K, used 352K [0x00000000d5580000, 0x00000000d6e80000, 0x0000000100000000)
  eden space 20992K, 0% used [0x00000000d5580000,0x00000000d5580000,0x00000000d6a00000)
  from space 1024K, 34% used [0x00000000d6c80000,0x00000000d6cd8000,0x00000000d6d80000)
  to   space 512K, 0% used [0x00000000d6e00000,0x00000000d6e00000,0x00000000d6e80000)
 ParOldGen       total 68608K, used 46340K [0x0000000080000000, 0x0000000084300000, 0x00000000d5580000)
  object space 68608K, 67% used [0x0000000080000000,0x0000000082d41000,0x0000000084300000)
 Metaspace       used 58698K, committed 60096K, reserved 1114112K
  class space    used 6379K, committed 6976K, reserved 1048576K
}
Event: 14.477 GC heap after
{Heap after GC invocations=38 (full 3):
 PSYoungGen      total 22016K, used 0K [0x00000000d5580000, 0x00000000d6e80000, 0x0000000100000000)
  eden space 20992K, 0% used [0x00000000d5580000,0x00000000d5580000,0x00000000d6a00000)
  from space 1024K, 0% used [0x00000000d6c80000,0x00000000d6c80000,0x00000000d6d80000)
  to   space 512K, 0% used [0x00000000d6e00000,0x00000000d6e00000,0x00000000d6e80000)
 ParOldGen       total 68608K, used 40077K [0x0000000080000000, 0x0000000084300000, 0x00000000d5580000)
  object space 68608K, 58% used [0x0000000080000000,0x0000000082723410,0x0000000084300000)
 Metaspace       used 58698K, committed 60096K, reserved 1114112K
  class space    used 6379K, committed 6976K, reserved 1048576K
}
Event: 14.840 GC heap before
{Heap before GC invocations=39 (full 3):
 PSYoungGen      total 22016K, used 20992K [0x00000000d5580000, 0x00000000d6e80000, 0x0000000100000000)
  eden space 20992K, 100% used [0x00000000d5580000,0x00000000d6a00000,0x00000000d6a00000)
  from space 1024K, 0% used [0x00000000d6c80000,0x00000000d6c80000,0x00000000d6d80000)
  to   space 512K, 0% used [0x00000000d6e00000,0x00000000d6e00000,0x00000000d6e80000)
 ParOldGen       total 68608K, used 40077K [0x0000000080000000, 0x0000000084300000, 0x00000000d5580000)
  object space 68608K, 58% used [0x0000000080000000,0x0000000082723410,0x0000000084300000)
 Metaspace       used 61136K, committed 62528K, reserved 1114112K
  class space    used 6584K, committed 7168K, reserved 1048576K
}
Event: 14.841 GC heap after
{Heap after GC invocations=39 (full 3):
 PSYoungGen      total 21504K, used 496K [0x00000000d5580000, 0x00000000d6e80000, 0x0000000100000000)
  eden space 20992K, 0% used [0x00000000d5580000,0x00000000d5580000,0x00000000d6a00000)
  from space 512K, 97% used [0x00000000d6e00000,0x00000000d6e7c3d8,0x00000000d6e80000)
  to   space 2048K, 0% used [0x00000000d6a80000,0x00000000d6a80000,0x00000000d6c80000)
 ParOldGen       total 68608K, used 41266K [0x0000000080000000, 0x0000000084300000, 0x00000000d5580000)
  object space 68608K, 60% used [0x0000000080000000,0x000000008284c900,0x0000000084300000)
 Metaspace       used 61136K, committed 62528K, reserved 1114112K
  class space    used 6584K, committed 7168K, reserved 1048576K
}
Event: 15.016 GC heap before
{Heap before GC invocations=40 (full 3):
 PSYoungGen      total 21504K, used 21488K [0x00000000d5580000, 0x00000000d6e80000, 0x0000000100000000)
  eden space 20992K, 99% used [0x00000000d5580000,0x00000000d69ffff8,0x00000000d6a00000)
  from space 512K, 97% used [0x00000000d6e00000,0x00000000d6e7c3d8,0x00000000d6e80000)
  to   space 2048K, 0% used [0x00000000d6a80000,0x00000000d6a80000,0x00000000d6c80000)
 ParOldGen       total 68608K, used 41266K [0x0000000080000000, 0x0000000084300000, 0x00000000d5580000)
  object space 68608K, 60% used [0x0000000080000000,0x000000008284c900,0x0000000084300000)
 Metaspace       used 62768K, committed 64256K, reserved 1114112K
  class space    used 6742K, committed 7360K, reserved 1048576K
}
Event: 15.018 GC heap after
{Heap after GC invocations=40 (full 3):
 PSYoungGen      total 23040K, used 2021K [0x00000000d5580000, 0x00000000d7000000, 0x0000000100000000)
  eden space 20992K, 0% used [0x00000000d5580000,0x00000000d5580000,0x00000000d6a00000)
  from space 2048K, 98% used [0x00000000d6a80000,0x00000000d6c79658,0x00000000d6c80000)
  to   space 3072K, 0% used [0x00000000d6d00000,0x00000000d6d00000,0x00000000d7000000)
 ParOldGen       total 68608K, used 41790K [0x0000000080000000, 0x0000000084300000, 0x00000000d5580000)
  object space 68608K, 60% used [0x0000000080000000,0x00000000828cfa88,0x0000000084300000)
 Metaspace       used 62768K, committed 64256K, reserved 1114112K
  class space    used 6742K, committed 7360K, reserved 1048576K
}
Event: 61.442 GC heap before
{Heap before GC invocations=41 (full 3):
 PSYoungGen      total 23040K, used 23013K [0x00000000d5580000, 0x00000000d7000000, 0x0000000100000000)
  eden space 20992K, 100% used [0x00000000d5580000,0x00000000d6a00000,0x00000000d6a00000)
  from space 2048K, 98% used [0x00000000d6a80000,0x00000000d6c79658,0x00000000d6c80000)
  to   space 3072K, 0% used [0x00000000d6d00000,0x00000000d6d00000,0x00000000d7000000)
 ParOldGen       total 68608K, used 41790K [0x0000000080000000, 0x0000000084300000, 0x00000000d5580000)
  object space 68608K, 60% used [0x0000000080000000,0x00000000828cfa88,0x0000000084300000)
 Metaspace       used 64286K, committed 65664K, reserved 1114112K
  class space    used 6888K, committed 7488K, reserved 1048576K
}
Event: 61.443 GC heap after
{Heap after GC invocations=41 (full 3):
 PSYoungGen      total 22528K, used 1056K [0x00000000d5580000, 0x00000000d6e80000, 0x0000000100000000)
  eden space 20992K, 0% used [0x00000000d5580000,0x00000000d5580000,0x00000000d6a00000)
  from space 1536K, 68% used [0x00000000d6d00000,0x00000000d6e08000,0x00000000d6e80000)
  to   space 2048K, 0% used [0x00000000d6a80000,0x00000000d6a80000,0x00000000d6c80000)
 ParOldGen       total 68608K, used 43544K [0x0000000080000000, 0x0000000084300000, 0x00000000d5580000)
  object space 68608K, 63% used [0x0000000080000000,0x0000000082a86008,0x0000000084300000)
 Metaspace       used 64286K, committed 65664K, reserved 1114112K
  class space    used 6888K, committed 7488K, reserved 1048576K
}
Event: 319.800 GC heap before
{Heap before GC invocations=42 (full 3):
 PSYoungGen      total 22528K, used 22019K [0x00000000d5580000, 0x00000000d6e80000, 0x0000000100000000)
  eden space 20992K, 99% used [0x00000000d5580000,0x00000000d69f8d90,0x00000000d6a00000)
  from space 1536K, 68% used [0x00000000d6d00000,0x00000000d6e08000,0x00000000d6e80000)
  to   space 2048K, 0% used [0x00000000d6a80000,0x00000000d6a80000,0x00000000d6c80000)
 ParOldGen       total 68608K, used 43544K [0x0000000080000000, 0x0000000084300000, 0x00000000d5580000)
  object space 68608K, 63% used [0x0000000080000000,0x0000000082a86008,0x0000000084300000)
 Metaspace       used 65788K, committed 67200K, reserved 1114112K
  class space    used 7039K, committed 7680K, reserved 1048576K
}
Event: 319.803 GC heap after
{Heap after GC invocations=42 (full 3):
 PSYoungGen      total 22528K, used 1145K [0x00000000d5580000, 0x00000000d6d80000, 0x0000000100000000)
  eden space 20992K, 0% used [0x00000000d5580000,0x00000000d5580000,0x00000000d6a00000)
  from space 1536K, 74% used [0x00000000d6a80000,0x00000000d6b9e798,0x00000000d6c00000)
  to   space 1536K, 0% used [0x00000000d6c00000,0x00000000d6c00000,0x00000000d6d80000)
 ParOldGen       total 68608K, used 44393K [0x0000000080000000, 0x0000000084300000, 0x00000000d5580000)
  object space 68608K, 64% used [0x0000000080000000,0x0000000082b5a5e0,0x0000000084300000)
 Metaspace       used 65788K, committed 67200K, reserved 1114112K
  class space    used 7039K, committed 7680K, reserved 1048576K
}

