<?xml version="1.0" encoding="UTF-8"?>
<testsuite xmlns:xsi="http://www.w3.org/2001/XMLSchema-instance" xsi:noNamespaceSchemaLocation="https://maven.apache.org/surefire/maven-surefire-plugin/xsd/surefire-test-report.xsd" version="3.0.2" name="se.kth.iv1350.sem3.integration.CustomerRegistryTest" time="0.044" tests="2" errors="0" skipped="0" failures="0">
  <properties>
[...]
</properties>
  <testcase name="testFindMissingCustomerReturnsNull" classname="se.kth.iv1350.sem3.integration.CustomerRegistryTest" time="0.021"/>
  <testcase name="testFindExistingCustomerReturnsAddedCustomer" classname="se.kth.iv1350.sem3.integration.CustomerRegistryTest" time="0.002"/>
</testsuite>